c:\chili framework 2016\engine\debug\graphics.obj
c:\chili framework 2016\engine\debug\mainwindow.obj
c:\chili framework 2016\engine\debug\keyboard.obj
c:\chili framework 2016\engine\debug\mouse.obj
c:\chili framework 2016\engine\debug\dxerr.obj
c:\chili framework 2016\engine\debug\game.obj
c:\chili framework 2016\engine\debug\main.obj
c:\chili framework 2016\engine\debug\vc140.pdb
c:\chili framework 2016\engine\debug\vc140.idb
c:\chili framework 2016\engine\framebufferps.shh
c:\chili framework 2016\engine\framebuffervs.shh
c:\chili framework 2016\debug\engine.ilk
c:\chili framework 2016\debug\engine.exe
c:\chili framework 2016\debug\engine.pdb
c:\chili framework 2016\engine\debug\resource.res
c:\chili framework 2016\engine\debug\engine.tlog\cl.command.1.tlog
c:\chili framework 2016\engine\debug\engine.tlog\cl.read.1.tlog
c:\chili framework 2016\engine\debug\engine.tlog\cl.write.1.tlog
c:\chili framework 2016\engine\debug\engine.tlog\engine.write.1u.tlog
c:\chili framework 2016\engine\debug\engine.tlog\fxc.command.1.tlog
c:\chili framework 2016\engine\debug\engine.tlog\fxc.read.1.tlog
c:\chili framework 2016\engine\debug\engine.tlog\fxc.write.1.tlog
c:\chili framework 2016\engine\debug\engine.tlog\link.command.1.tlog
c:\chili framework 2016\engine\debug\engine.tlog\link.read.1.tlog
c:\chili framework 2016\engine\debug\engine.tlog\link.write.1.tlog
c:\chili framework 2016\engine\debug\engine.tlog\rc.command.1.tlog
c:\chili framework 2016\engine\debug\engine.tlog\rc.read.1.tlog
c:\chili framework 2016\engine\debug\engine.tlog\rc.write.1.tlog
